<?xml version="1.0" encoding="UTF-8"?>
<!-- Generated by org.testng.reporters.JUnitReportReporter -->
<testsuite hostname="DESKTOP-NB60TP2" failures="0" tests="1" name="com.healthCare.arogyaTest.BookAppoinmentTest" time="32.592" errors="0" timestamp="2025-02-20T22:40:31 IST" skipped="0">
  <testcase classname="com.healthCare.arogyaTest.BookAppoinmentTest" name="addAppoinmentTest" time="32.592"/>
</testsuite> <!-- com.healthCare.arogyaTest.BookAppoinmentTest -->
