<?xml version="1.0" encoding="UTF-8"?>
<!-- Generated by org.testng.reporters.JUnitReportReporter -->
<testsuite hostname="DESKTOP-NB60TP2" failures="0" tests="1" name="com.healthCare.arogyaTest.AddToCartTest" time="31.201" errors="0" timestamp="2025-02-20T22:14:54 IST" skipped="0">
  <testcase classname="com.healthCare.arogyaTest.AddToCartTest" name="addRemedyToCart" time="31.201"/>
</testsuite> <!-- com.healthCare.arogyaTest.AddToCartTest -->
