<?xml version="1.0" encoding="UTF-8"?>
<!-- Generated by org.testng.reporters.JUnitReportReporter -->
<testsuite hostname="DESKTOP-NB60TP2" failures="0" tests="1" name="com.healthCare.arogyaTest.PersonalizedRecommendationsTest" time="16.385" errors="0" timestamp="2025-02-21T10:28:12 IST" skipped="0">
  <testcase classname="com.healthCare.arogyaTest.PersonalizedRecommendationsTest" name="personalizedRecommendationsTest" time="16.385"/>
</testsuite> <!-- com.healthCare.arogyaTest.PersonalizedRecommendationsTest -->
