<?xml version="1.0" encoding="UTF-8"?>
<!-- Generated by org.testng.reporters.JUnitReportReporter -->
<testsuite hostname="DESKTOP-NB60TP2" failures="0" tests="1" name="com.healthCare.arogyaTest.InstallAppMethodTest" time="30.304" errors="0" timestamp="2025-02-17T22:41:38 IST" skipped="0">
  <testcase classname="com.healthCare.arogyaTest.InstallAppMethodTest" name="installAppMethodTest" time="30.304"/>
</testsuite> <!-- com.healthCare.arogyaTest.InstallAppMethodTest -->
