<?xml version="1.0" encoding="UTF-8"?>
<!-- Generated by org.testng.reporters.JUnitReportReporter -->
<testsuite hostname="DESKTOP-NB60TP2" failures="0" tests="1" name="com.healthCare.arogyaTest.InstallAppTest" time="17.096" errors="0" timestamp="2025-02-20T11:51:09 IST" skipped="0">
  <testcase classname="com.healthCare.arogyaTest.InstallAppTest" name="registerToAppTest" time="17.096"/>
</testsuite> <!-- com.healthCare.arogyaTest.InstallAppTest -->
